app/build/intermediates/manifest_merge_blame_file/debug/processDebugMainManifest/manifest-merger-blame-debug-report.txt
1<?xml version="1.0" encoding="utf-8"?>
2<manifest xmlns:android="http://schemas.android.com/apk/res/android"
3    package="com.example.gopet"
4    android:versionCode="1"
5    android:versionName="1.0" >
6
7    <uses-sdk
8        android:minSdkVersion="26"
9        android:targetSdkVersion="34" />
10
11    <uses-permission android:name="android.permission.INTERNET" />
11-->src\main\AndroidManifest.xml:5:5-67
11-->src\main\AndroidManifest.xml:5:22-64
12    <uses-permission android:name="android.permission.ACCESS_NETWORK_STATE" />
12-->[com.google.firebase:firebase-auth:23.2.0] AndroidManifest.xml:26:5-79
12-->[com.google.firebase:firebase-auth:23.2.0] AndroidManifest.xml:26:22-76
13    <uses-permission android:name="com.google.android.providers.gsf.permission.READ_GSERVICES" />
13-->[com.google.android.recaptcha:recaptcha:18.6.1] AndroidManifest.xml:9:5-98
13-->[com.google.android.recaptcha:recaptcha:18.6.1] AndroidManifest.xml:9:22-95
14
15    <permission
15-->[androidx.core:core:1.13.0] AndroidManifest.xml:22:5-24:47
16        android:name="com.example.gopet.DYNAMIC_RECEIVER_NOT_EXPORTED_PERMISSION"
16-->[androidx.core:core:1.13.0] AndroidManifest.xml:23:9-81
17        android:protectionLevel="signature" />
17-->[androidx.core:core:1.13.0] AndroidManifest.xml:24:9-44
18
19    <uses-permission android:name="com.example.gopet.DYNAMIC_RECEIVER_NOT_EXPORTED_PERMISSION" />
19-->[androidx.core:core:1.13.0] AndroidManifest.xml:26:5-97
19-->[androidx.core:core:1.13.0] AndroidManifest.xml:26:22-94
20
21    <application
21-->src\main\AndroidManifest.xml:7:5-58:19
22        android:allowBackup="true"
22-->src\main\AndroidManifest.xml:8:9-35
23        android:appComponentFactory="androidx.core.app.CoreComponentFactory"
23-->[androidx.core:core:1.13.0] AndroidManifest.xml:28:18-86
24        android:dataExtractionRules="@xml/data_extraction_rules"
24-->src\main\AndroidManifest.xml:9:9-65
25        android:debuggable="true"
26        android:extractNativeLibs="false"
27        android:fullBackupContent="@xml/backup_rules"
27-->src\main\AndroidManifest.xml:10:9-54
28        android:icon="@mipmap/ic_launcher"
28-->src\main\AndroidManifest.xml:11:9-43
29        android:label="@string/app_name"
29-->src\main\AndroidManifest.xml:12:9-41
30        android:roundIcon="@mipmap/ic_launcher_round"
30-->src\main\AndroidManifest.xml:13:9-54
31        android:supportsRtl="true"
31-->src\main\AndroidManifest.xml:14:9-35
32        android:testOnly="true"
33        android:theme="@style/Theme.GoPet" >
33-->src\main\AndroidManifest.xml:15:9-43
34        <activity
34-->src\main\AndroidManifest.xml:17:9-19:40
35            android:name="com.example.gopet.ViewOwnPostDetails"
35-->src\main\AndroidManifest.xml:18:13-47
36            android:exported="false" />
36-->src\main\AndroidManifest.xml:19:13-37
37        <activity
37-->src\main\AndroidManifest.xml:20:9-22:40
38            android:name="com.example.gopet.ViewOwnPostActivity"
38-->src\main\AndroidManifest.xml:21:13-48
39            android:exported="false" />
39-->src\main\AndroidManifest.xml:22:13-37
40        <activity
40-->src\main\AndroidManifest.xml:23:9-25:40
41            android:name="com.example.gopet.ViewRequestsActivity"
41-->src\main\AndroidManifest.xml:24:13-49
42            android:exported="false" />
42-->src\main\AndroidManifest.xml:25:13-37
43        <activity
43-->src\main\AndroidManifest.xml:26:9-28:40
44            android:name="com.example.gopet.ViewPetSittingPostActivity"
44-->src\main\AndroidManifest.xml:27:13-55
45            android:exported="false" />
45-->src\main\AndroidManifest.xml:28:13-37
46        <activity
46-->src\main\AndroidManifest.xml:29:9-31:40
47            android:name="com.example.gopet.CreatePetSittingPostActivity"
47-->src\main\AndroidManifest.xml:30:13-57
48            android:exported="false" />
48-->src\main\AndroidManifest.xml:31:13-37
49        <activity
49-->src\main\AndroidManifest.xml:32:9-34:40
50            android:name="com.example.gopet.PetSittingDashboardActivity"
50-->src\main\AndroidManifest.xml:33:13-56
51            android:exported="false" />
51-->src\main\AndroidManifest.xml:34:13-37
52        <activity
52-->src\main\AndroidManifest.xml:35:9-37:40
53            android:name="com.example.gopet.BreedInfoActivity"
53-->src\main\AndroidManifest.xml:36:13-46
54            android:exported="false" />
54-->src\main\AndroidManifest.xml:37:13-37
55        <activity
55-->src\main\AndroidManifest.xml:38:9-41:63
56            android:name="com.example.gopet.SettingsActivity"
56-->src\main\AndroidManifest.xml:39:13-45
57            android:exported="false"
57-->src\main\AndroidManifest.xml:40:13-37
58            android:label="@string/title_activity_settings" />
58-->src\main\AndroidManifest.xml:41:13-60
59        <activity
59-->src\main\AndroidManifest.xml:42:9-45:58
60            android:name="com.example.gopet.MainActivity"
60-->src\main\AndroidManifest.xml:43:13-41
61            android:exported="false"
61-->src\main\AndroidManifest.xml:44:13-37
62            android:windowSoftInputMode="adjustResize" />
62-->src\main\AndroidManifest.xml:45:13-55
63        <activity
63-->src\main\AndroidManifest.xml:46:9-48:40
64            android:name="com.example.gopet.Register"
64-->src\main\AndroidManifest.xml:47:13-37
65            android:exported="false" />
65-->src\main\AndroidManifest.xml:48:13-37
66        <activity
66-->src\main\AndroidManifest.xml:49:9-57:20
67            android:name="com.example.gopet.Login"
67-->src\main\AndroidManifest.xml:50:13-34
68            android:exported="true" >
68-->src\main\AndroidManifest.xml:51:13-36
69            <intent-filter>
69-->src\main\AndroidManifest.xml:52:13-56:29
70                <action android:name="android.intent.action.MAIN" />
70-->src\main\AndroidManifest.xml:53:17-69
70-->src\main\AndroidManifest.xml:53:25-66
71
72                <category android:name="android.intent.category.LAUNCHER" />
72-->src\main\AndroidManifest.xml:55:17-77
72-->src\main\AndroidManifest.xml:55:27-74
73            </intent-filter>
74        </activity>
75
76        <provider
76-->[com.squareup.picasso:picasso:2.8] AndroidManifest.xml:8:9-11:40
77            android:name="com.squareup.picasso.PicassoProvider"
77-->[com.squareup.picasso:picasso:2.8] AndroidManifest.xml:9:13-64
78            android:authorities="com.example.gopet.com.squareup.picasso"
78-->[com.squareup.picasso:picasso:2.8] AndroidManifest.xml:10:13-72
79            android:exported="false" />
79-->[com.squareup.picasso:picasso:2.8] AndroidManifest.xml:11:13-37
80
81        <activity
81-->[com.google.firebase:firebase-auth:23.2.0] AndroidManifest.xml:29:9-46:20
82            android:name="com.google.firebase.auth.internal.GenericIdpActivity"
82-->[com.google.firebase:firebase-auth:23.2.0] AndroidManifest.xml:30:13-80
83            android:excludeFromRecents="true"
83-->[com.google.firebase:firebase-auth:23.2.0] AndroidManifest.xml:31:13-46
84            android:exported="true"
84-->[com.google.firebase:firebase-auth:23.2.0] AndroidManifest.xml:32:13-36
85            android:launchMode="singleTask"
85-->[com.google.firebase:firebase-auth:23.2.0] AndroidManifest.xml:33:13-44
86            android:theme="@android:style/Theme.Translucent.NoTitleBar" >
86-->[com.google.firebase:firebase-auth:23.2.0] AndroidManifest.xml:34:13-72
87            <intent-filter>
87-->[com.google.firebase:firebase-auth:23.2.0] AndroidManifest.xml:35:13-45:29
88                <action android:name="android.intent.action.VIEW" />
88-->[com.google.firebase:firebase-auth:23.2.0] AndroidManifest.xml:36:17-69
88-->[com.google.firebase:firebase-auth:23.2.0] AndroidManifest.xml:36:25-66
89
90                <category android:name="android.intent.category.DEFAULT" />
90-->[com.google.firebase:firebase-auth:23.2.0] AndroidManifest.xml:38:17-76
90-->[com.google.firebase:firebase-auth:23.2.0] AndroidManifest.xml:38:27-73
91                <category android:name="android.intent.category.BROWSABLE" />
91-->[com.google.firebase:firebase-auth:23.2.0] AndroidManifest.xml:39:17-78
91-->[com.google.firebase:firebase-auth:23.2.0] AndroidManifest.xml:39:27-75
92
93                <data
93-->[com.google.firebase:firebase-auth:23.2.0] AndroidManifest.xml:41:17-44:51
94                    android:host="firebase.auth"
94-->[com.google.firebase:firebase-auth:23.2.0] AndroidManifest.xml:42:21-49
95                    android:path="/"
95-->[com.google.firebase:firebase-auth:23.2.0] AndroidManifest.xml:43:21-37
96                    android:scheme="genericidp" />
96-->[com.google.firebase:firebase-auth:23.2.0] AndroidManifest.xml:44:21-48
97            </intent-filter>
98        </activity>
99        <activity
99-->[com.google.firebase:firebase-auth:23.2.0] AndroidManifest.xml:47:9-64:20
100            android:name="com.google.firebase.auth.internal.RecaptchaActivity"
100-->[com.google.firebase:firebase-auth:23.2.0] AndroidManifest.xml:48:13-79
101            android:excludeFromRecents="true"
101-->[com.google.firebase:firebase-auth:23.2.0] AndroidManifest.xml:49:13-46
102            android:exported="true"
102-->[com.google.firebase:firebase-auth:23.2.0] AndroidManifest.xml:50:13-36
103            android:launchMode="singleTask"
103-->[com.google.firebase:firebase-auth:23.2.0] AndroidManifest.xml:51:13-44
104            android:theme="@android:style/Theme.Translucent.NoTitleBar" >
104-->[com.google.firebase:firebase-auth:23.2.0] AndroidManifest.xml:52:13-72
105            <intent-filter>
105-->[com.google.firebase:firebase-auth:23.2.0] AndroidManifest.xml:53:13-63:29
106                <action android:name="android.intent.action.VIEW" />
106-->[com.google.firebase:firebase-auth:23.2.0] AndroidManifest.xml:36:17-69
106-->[com.google.firebase:firebase-auth:23.2.0] AndroidManifest.xml:36:25-66
107
108                <category android:name="android.intent.category.DEFAULT" />
108-->[com.google.firebase:firebase-auth:23.2.0] AndroidManifest.xml:38:17-76
108-->[com.google.firebase:firebase-auth:23.2.0] AndroidManifest.xml:38:27-73
109                <category android:name="android.intent.category.BROWSABLE" />
109-->[com.google.firebase:firebase-auth:23.2.0] AndroidManifest.xml:39:17-78
109-->[com.google.firebase:firebase-auth:23.2.0] AndroidManifest.xml:39:27-75
110
111                <data
111-->[com.google.firebase:firebase-auth:23.2.0] AndroidManifest.xml:41:17-44:51
112                    android:host="firebase.auth"
112-->[com.google.firebase:firebase-auth:23.2.0] AndroidManifest.xml:42:21-49
113                    android:path="/"
113-->[com.google.firebase:firebase-auth:23.2.0] AndroidManifest.xml:43:21-37
114                    android:scheme="recaptcha" />
114-->[com.google.firebase:firebase-auth:23.2.0] AndroidManifest.xml:44:21-48
115            </intent-filter>
116        </activity>
117
118        <service
118-->[com.google.firebase:firebase-auth:23.2.0] AndroidManifest.xml:66:9-72:19
119            android:name="com.google.firebase.components.ComponentDiscoveryService"
119-->[com.google.firebase:firebase-auth:23.2.0] AndroidManifest.xml:67:13-84
120            android:directBootAware="true"
120-->[com.google.firebase:firebase-common:21.0.0] AndroidManifest.xml:32:13-43
121            android:exported="false" >
121-->[com.google.firebase:firebase-auth:23.2.0] AndroidManifest.xml:68:13-37
122            <meta-data
122-->[com.google.firebase:firebase-auth:23.2.0] AndroidManifest.xml:69:13-71:85
123                android:name="com.google.firebase.components:com.google.firebase.auth.FirebaseAuthRegistrar"
123-->[com.google.firebase:firebase-auth:23.2.0] AndroidManifest.xml:70:17-109
124                android:value="com.google.firebase.components.ComponentRegistrar" />
124-->[com.google.firebase:firebase-auth:23.2.0] AndroidManifest.xml:71:17-82
125            <meta-data
125-->[com.google.firebase:firebase-database:21.0.0] AndroidManifest.xml:29:13-31:85
126                android:name="com.google.firebase.components:com.google.firebase.database.FirebaseDatabaseKtxRegistrar"
126-->[com.google.firebase:firebase-database:21.0.0] AndroidManifest.xml:30:17-120
127                android:value="com.google.firebase.components.ComponentRegistrar" />
127-->[com.google.firebase:firebase-database:21.0.0] AndroidManifest.xml:31:17-82
128            <meta-data
128-->[com.google.firebase:firebase-database:21.0.0] AndroidManifest.xml:32:13-34:85
129                android:name="com.google.firebase.components:com.google.firebase.database.DatabaseRegistrar"
129-->[com.google.firebase:firebase-database:21.0.0] AndroidManifest.xml:33:17-109
130                android:value="com.google.firebase.components.ComponentRegistrar" />
130-->[com.google.firebase:firebase-database:21.0.0] AndroidManifest.xml:34:17-82
131            <meta-data
131-->[com.google.firebase:firebase-firestore:25.1.2] AndroidManifest.xml:17:13-19:85
132                android:name="com.google.firebase.components:com.google.firebase.firestore.FirebaseFirestoreKtxRegistrar"
132-->[com.google.firebase:firebase-firestore:25.1.2] AndroidManifest.xml:18:17-122
133                android:value="com.google.firebase.components.ComponentRegistrar" />
133-->[com.google.firebase:firebase-firestore:25.1.2] AndroidManifest.xml:19:17-82
134            <meta-data
134-->[com.google.firebase:firebase-firestore:25.1.2] AndroidManifest.xml:20:13-22:85
135                android:name="com.google.firebase.components:com.google.firebase.firestore.FirestoreRegistrar"
135-->[com.google.firebase:firebase-firestore:25.1.2] AndroidManifest.xml:21:17-111
136                android:value="com.google.firebase.components.ComponentRegistrar" />
136-->[com.google.firebase:firebase-firestore:25.1.2] AndroidManifest.xml:22:17-82
137            <meta-data
137-->[com.google.firebase:firebase-common-ktx:21.0.0] AndroidManifest.xml:12:13-14:85
138                android:name="com.google.firebase.components:com.google.firebase.ktx.FirebaseCommonLegacyRegistrar"
138-->[com.google.firebase:firebase-common-ktx:21.0.0] AndroidManifest.xml:13:17-116
139                android:value="com.google.firebase.components.ComponentRegistrar" />
139-->[com.google.firebase:firebase-common-ktx:21.0.0] AndroidManifest.xml:14:17-82
140            <meta-data
140-->[com.google.firebase:firebase-common:21.0.0] AndroidManifest.xml:35:13-37:85
141                android:name="com.google.firebase.components:com.google.firebase.FirebaseCommonKtxRegistrar"
141-->[com.google.firebase:firebase-common:21.0.0] AndroidManifest.xml:36:17-109
142                android:value="com.google.firebase.components.ComponentRegistrar" />
142-->[com.google.firebase:firebase-common:21.0.0] AndroidManifest.xml:37:17-82
143        </service>
144        <service
144-->[androidx.credentials:credentials-play-services-auth:1.2.0-rc01] AndroidManifest.xml:24:9-32:19
145            android:name="androidx.credentials.playservices.CredentialProviderMetadataHolder"
145-->[androidx.credentials:credentials-play-services-auth:1.2.0-rc01] AndroidManifest.xml:25:13-94
146            android:enabled="true"
146-->[androidx.credentials:credentials-play-services-auth:1.2.0-rc01] AndroidManifest.xml:26:13-35
147            android:exported="false" >
147-->[androidx.credentials:credentials-play-services-auth:1.2.0-rc01] AndroidManifest.xml:27:13-37
148            <meta-data
148-->[androidx.credentials:credentials-play-services-auth:1.2.0-rc01] AndroidManifest.xml:29:13-31:104
149                android:name="androidx.credentials.CREDENTIAL_PROVIDER_KEY"
149-->[androidx.credentials:credentials-play-services-auth:1.2.0-rc01] AndroidManifest.xml:30:17-76
150                android:value="androidx.credentials.playservices.CredentialProviderPlayServicesImpl" />
150-->[androidx.credentials:credentials-play-services-auth:1.2.0-rc01] AndroidManifest.xml:31:17-101
151        </service>
152
153        <activity
153-->[androidx.credentials:credentials-play-services-auth:1.2.0-rc01] AndroidManifest.xml:34:9-41:20
154            android:name="androidx.credentials.playservices.HiddenActivity"
154-->[androidx.credentials:credentials-play-services-auth:1.2.0-rc01] AndroidManifest.xml:35:13-76
155            android:configChanges="orientation|screenSize|screenLayout|keyboardHidden"
155-->[androidx.credentials:credentials-play-services-auth:1.2.0-rc01] AndroidManifest.xml:36:13-87
156            android:enabled="true"
156-->[androidx.credentials:credentials-play-services-auth:1.2.0-rc01] AndroidManifest.xml:37:13-35
157            android:exported="false"
157-->[androidx.credentials:credentials-play-services-auth:1.2.0-rc01] AndroidManifest.xml:38:13-37
158            android:fitsSystemWindows="true"
158-->[androidx.credentials:credentials-play-services-auth:1.2.0-rc01] AndroidManifest.xml:39:13-45
159            android:theme="@style/Theme.Hidden" >
159-->[androidx.credentials:credentials-play-services-auth:1.2.0-rc01] AndroidManifest.xml:40:13-48
160        </activity>
161        <activity
161-->[com.google.android.gms:play-services-auth:20.7.0] AndroidManifest.xml:23:9-27:75
162            android:name="com.google.android.gms.auth.api.signin.internal.SignInHubActivity"
162-->[com.google.android.gms:play-services-auth:20.7.0] AndroidManifest.xml:24:13-93
163            android:excludeFromRecents="true"
163-->[com.google.android.gms:play-services-auth:20.7.0] AndroidManifest.xml:25:13-46
164            android:exported="false"
164-->[com.google.android.gms:play-services-auth:20.7.0] AndroidManifest.xml:26:13-37
165            android:theme="@android:style/Theme.Translucent.NoTitleBar" />
165-->[com.google.android.gms:play-services-auth:20.7.0] AndroidManifest.xml:27:13-72
166        <!--
167            Service handling Google Sign-In user revocation. For apps that do not integrate with
168            Google Sign-In, this service will never be started.
169        -->
170        <service
170-->[com.google.android.gms:play-services-auth:20.7.0] AndroidManifest.xml:33:9-37:51
171            android:name="com.google.android.gms.auth.api.signin.RevocationBoundService"
171-->[com.google.android.gms:play-services-auth:20.7.0] AndroidManifest.xml:34:13-89
172            android:exported="true"
172-->[com.google.android.gms:play-services-auth:20.7.0] AndroidManifest.xml:35:13-36
173            android:permission="com.google.android.gms.auth.api.signin.permission.REVOCATION_NOTIFICATION"
173-->[com.google.android.gms:play-services-auth:20.7.0] AndroidManifest.xml:36:13-107
174            android:visibleToInstantApps="true" />
174-->[com.google.android.gms:play-services-auth:20.7.0] AndroidManifest.xml:37:13-48
175
176        <provider
176-->[com.google.firebase:firebase-common:21.0.0] AndroidManifest.xml:23:9-28:39
177            android:name="com.google.firebase.provider.FirebaseInitProvider"
177-->[com.google.firebase:firebase-common:21.0.0] AndroidManifest.xml:24:13-77
178            android:authorities="com.example.gopet.firebaseinitprovider"
178-->[com.google.firebase:firebase-common:21.0.0] AndroidManifest.xml:25:13-72
179            android:directBootAware="true"
179-->[com.google.firebase:firebase-common:21.0.0] AndroidManifest.xml:26:13-43
180            android:exported="false"
180-->[com.google.firebase:firebase-common:21.0.0] AndroidManifest.xml:27:13-37
181            android:initOrder="100" />
181-->[com.google.firebase:firebase-common:21.0.0] AndroidManifest.xml:28:13-36
182
183        <activity
183-->[com.google.android.gms:play-services-base:18.1.0] AndroidManifest.xml:20:9-22:45
184            android:name="com.google.android.gms.common.api.GoogleApiActivity"
184-->[com.google.android.gms:play-services-base:18.1.0] AndroidManifest.xml:20:19-85
185            android:exported="false"
185-->[com.google.android.gms:play-services-base:18.1.0] AndroidManifest.xml:22:19-43
186            android:theme="@android:style/Theme.Translucent.NoTitleBar" />
186-->[com.google.android.gms:play-services-base:18.1.0] AndroidManifest.xml:21:19-78
187
188        <uses-library
188-->[androidx.window:window:1.0.0] AndroidManifest.xml:25:9-27:40
189            android:name="androidx.window.extensions"
189-->[androidx.window:window:1.0.0] AndroidManifest.xml:26:13-54
190            android:required="false" />
190-->[androidx.window:window:1.0.0] AndroidManifest.xml:27:13-37
191        <uses-library
191-->[androidx.window:window:1.0.0] AndroidManifest.xml:28:9-30:40
192            android:name="androidx.window.sidecar"
192-->[androidx.window:window:1.0.0] AndroidManifest.xml:29:13-51
193            android:required="false" />
193-->[androidx.window:window:1.0.0] AndroidManifest.xml:30:13-37
194
195        <provider
195-->[androidx.emoji2:emoji2:1.3.0] AndroidManifest.xml:24:9-32:20
196            android:name="androidx.startup.InitializationProvider"
196-->[androidx.emoji2:emoji2:1.3.0] AndroidManifest.xml:25:13-67
197            android:authorities="com.example.gopet.androidx-startup"
197-->[androidx.emoji2:emoji2:1.3.0] AndroidManifest.xml:26:13-68
198            android:exported="false" >
198-->[androidx.emoji2:emoji2:1.3.0] AndroidManifest.xml:27:13-37
199            <meta-data
199-->[androidx.emoji2:emoji2:1.3.0] AndroidManifest.xml:29:13-31:52
200                android:name="androidx.emoji2.text.EmojiCompatInitializer"
200-->[androidx.emoji2:emoji2:1.3.0] AndroidManifest.xml:30:17-75
201                android:value="androidx.startup" />
201-->[androidx.emoji2:emoji2:1.3.0] AndroidManifest.xml:31:17-49
202            <meta-data
202-->[androidx.lifecycle:lifecycle-process:2.6.2] AndroidManifest.xml:29:13-31:52
203                android:name="androidx.lifecycle.ProcessLifecycleInitializer"
203-->[androidx.lifecycle:lifecycle-process:2.6.2] AndroidManifest.xml:30:17-78
204                android:value="androidx.startup" />
204-->[androidx.lifecycle:lifecycle-process:2.6.2] AndroidManifest.xml:31:17-49
205            <meta-data
205-->[androidx.profileinstaller:profileinstaller:1.4.0] AndroidManifest.xml:29:13-31:52
206                android:name="androidx.profileinstaller.ProfileInstallerInitializer"
206-->[androidx.profileinstaller:profileinstaller:1.4.0] AndroidManifest.xml:30:17-85
207                android:value="androidx.startup" />
207-->[androidx.profileinstaller:profileinstaller:1.4.0] AndroidManifest.xml:31:17-49
208        </provider>
209
210        <meta-data
210-->[com.google.android.gms:play-services-basement:18.4.0] AndroidManifest.xml:6:9-122
211            android:name="com.google.android.gms.version"
211-->[com.google.android.gms:play-services-basement:18.4.0] AndroidManifest.xml:6:20-65
212            android:value="@integer/google_play_services_version" />
212-->[com.google.android.gms:play-services-basement:18.4.0] AndroidManifest.xml:6:66-119
213
214        <receiver
214-->[androidx.profileinstaller:profileinstaller:1.4.0] AndroidManifest.xml:34:9-52:20
215            android:name="androidx.profileinstaller.ProfileInstallReceiver"
215-->[androidx.profileinstaller:profileinstaller:1.4.0] AndroidManifest.xml:35:13-76
216            android:directBootAware="false"
216-->[androidx.profileinstaller:profileinstaller:1.4.0] AndroidManifest.xml:36:13-44
217            android:enabled="true"
217-->[androidx.profileinstaller:profileinstaller:1.4.0] AndroidManifest.xml:37:13-35
218            android:exported="true"
218-->[androidx.profileinstaller:profileinstaller:1.4.0] AndroidManifest.xml:38:13-36
219            android:permission="android.permission.DUMP" >
219-->[androidx.profileinstaller:profileinstaller:1.4.0] AndroidManifest.xml:39:13-57
220            <intent-filter>
220-->[androidx.profileinstaller:profileinstaller:1.4.0] AndroidManifest.xml:40:13-42:29
221                <action android:name="androidx.profileinstaller.action.INSTALL_PROFILE" />
221-->[androidx.profileinstaller:profileinstaller:1.4.0] AndroidManifest.xml:41:17-91
221-->[androidx.profileinstaller:profileinstaller:1.4.0] AndroidManifest.xml:41:25-88
222            </intent-filter>
223            <intent-filter>
223-->[androidx.profileinstaller:profileinstaller:1.4.0] AndroidManifest.xml:43:13-45:29
224                <action android:name="androidx.profileinstaller.action.SKIP_FILE" />
224-->[androidx.profileinstaller:profileinstaller:1.4.0] AndroidManifest.xml:44:17-85
224-->[androidx.profileinstaller:profileinstaller:1.4.0] AndroidManifest.xml:44:25-82
225            </intent-filter>
226            <intent-filter>
226-->[androidx.profileinstaller:profileinstaller:1.4.0] AndroidManifest.xml:46:13-48:29
227                <action android:name="androidx.profileinstaller.action.SAVE_PROFILE" />
227-->[androidx.profileinstaller:profileinstaller:1.4.0] AndroidManifest.xml:47:17-88
227-->[androidx.profileinstaller:profileinstaller:1.4.0] AndroidManifest.xml:47:25-85
228            </intent-filter>
229            <intent-filter>
229-->[androidx.profileinstaller:profileinstaller:1.4.0] AndroidManifest.xml:49:13-51:29
230                <action android:name="androidx.profileinstaller.action.BENCHMARK_OPERATION" />
230-->[androidx.profileinstaller:profileinstaller:1.4.0] AndroidManifest.xml:50:17-95
230-->[androidx.profileinstaller:profileinstaller:1.4.0] AndroidManifest.xml:50:25-92
231            </intent-filter>
232        </receiver> <!-- The activities will be merged into the manifest of the hosting app. -->
233        <activity
233-->[com.google.android.play:core-common:2.0.3] AndroidManifest.xml:14:9-18:65
234            android:name="com.google.android.play.core.common.PlayCoreDialogWrapperActivity"
234-->[com.google.android.play:core-common:2.0.3] AndroidManifest.xml:15:13-93
235            android:exported="false"
235-->[com.google.android.play:core-common:2.0.3] AndroidManifest.xml:16:13-37
236            android:stateNotNeeded="true"
236-->[com.google.android.play:core-common:2.0.3] AndroidManifest.xml:17:13-42
237            android:theme="@style/Theme.PlayCore.Transparent" />
237-->[com.google.android.play:core-common:2.0.3] AndroidManifest.xml:18:13-62
238    </application>
239
240</manifest>